<?xml version="1.0" encoding="UTF-8"?>
<!-- Generated by org.testng.reporters.JUnitXMLReporter -->
<testsuite ignored="0" hostname="Karthick" failures="0" tests="15" name="Test" time="180.475" errors="0" timestamp="2024-01-26T23:22:24 IST">
  <testcase classname="webTestCases.Module1_Registration" name="tc001_Valid_Data" time="19.188"/>
  <testcase classname="webTestCases.Module1_Registration" name="tc002_Invalid_Data" time="16.76"/>
  <testcase classname="webTestCases.Module3_Search" name="tc001_Search_via_NavigationBar" time="14.635"/>
  <testcase classname="webTestCases.Module3_Search" name="tc002_Search_via_SearchTF" time="14.532"/>
  <testcase classname="webTestCases.Module2_Login" name="tc001_Valid_Data" time="7.906"/>
  <testcase classname="webTestCases.Module2_Login" name="tc002_Invalid_Data" time="6.959"/>
  <testcase classname="webTestCases.Module4_Cart" name="tc001_Add_Product" time="17.493"/>
  <testcase classname="webTestCases.Module4_Cart" name="tc002_Update_Product" time="12.102"/>
  <testcase classname="webTestCases.Module4_Cart" name="tc003_Delete_Product" time="9.27"/>
  <testcase classname="webServicesTestCases.Module1_GithubRepo" name="tc001_CreateRepo" time="3.973"/>
  <testcase classname="webServicesTestCases.Module1_GithubRepo" name="tc002_GetRepo" time="0.474"/>
  <testcase classname="webServicesTestCases.Module1_GithubRepo" name="tc003_UpdateRepo" time="0.585"/>
  <testcase classname="webServicesTestCases.Module1_GithubRepo" name="tc004_DeleteRepo" time="0.545"/>
  <testcase classname="androidTestCases.MobileWebTC" name="tc001_Registration" time="31.638"/>
  <testcase classname="androidTestCases.MobileWebTC" name="tc002_Login" time="24.302"/>
</testsuite> <!-- Test -->
