<?xml version="1.0" encoding="UTF-8"?>
<!-- Generated by org.testng.reporters.JUnitXMLReporter -->
<testsuite ignored="0" hostname="Karthick" failures="0" tests="9" name="Test" time="87.064" errors="0" timestamp="2024-01-23T01:06:32 IST">
  <testcase classname="webTestCases.Module1_Registration" name="tc001_Valid_Data" time="11.195"/>
  <testcase classname="webTestCases.Module1_Registration" name="tc002_Invalid_Data" time="8.944"/>
  <testcase classname="webTestCases.Module3_Search" name="tc001_Search_via_NavigationBar" time="9.077"/>
  <testcase classname="webTestCases.Module3_Search" name="tc002_Search_via_SearchTF" time="10.549"/>
  <testcase classname="webTestCases.Module2_Login" name="tc001_Valid_Data" time="9.605"/>
  <testcase classname="webTestCases.Module2_Login" name="tc002_Invalid_Data" time="7.565"/>
  <testcase classname="webTestCases.Module4_Cart" name="tc001_Add_Product" time="10.0"/>
  <testcase classname="webTestCases.Module4_Cart" name="tc002_Update_Product" time="9.625"/>
  <testcase classname="webTestCases.Module4_Cart" name="tc003_Delete_Product" time="10.422"/>
</testsuite> <!-- Test -->
