<?xml version="1.0" encoding="UTF-8"?>
<!-- Generated by org.testng.reporters.JUnitXMLReporter -->
<testsuite ignored="0" hostname="Karthick" failures="0" tests="4" name="Default test" time="8.06" errors="0" timestamp="2024-01-24T23:56:28 IST">
  <testcase classname="webServicesTestCases.Module1_GithubRepo" name="tc001_CreateRepo" time="5.44"/>
  <testcase classname="webServicesTestCases.Module1_GithubRepo" name="tc002_GetRepo" time="0.628"/>
  <testcase classname="webServicesTestCases.Module1_GithubRepo" name="tc003_UpdateRepo" time="1.178"/>
  <testcase classname="webServicesTestCases.Module1_GithubRepo" name="tc004_DeleteRepo" time="0.757"/>
</testsuite> <!-- Default test -->
