<?xml version="1.0" encoding="UTF-8"?>
<!-- Generated by org.testng.reporters.JUnitXMLReporter -->
<testsuite ignored="0" hostname="Karthick" failures="0" tests="4" name="Default test" time="5.242" errors="0" timestamp="2024-01-23T02:08:41 IST">
  <testcase classname="webServicesTestCases.Module1_GithubRepo" name="tc001_CreateRepo" time="3.557"/>
  <testcase classname="webServicesTestCases.Module1_GithubRepo" name="tc002_GetRepo" time="0.483"/>
  <testcase classname="webServicesTestCases.Module1_GithubRepo" name="tc003_UpdateRepo" time="0.581"/>
  <testcase classname="webServicesTestCases.Module1_GithubRepo" name="tc004_DeleteRepo" time="0.567"/>
</testsuite> <!-- Default test -->
