<?xml version="1.0" encoding="UTF-8"?>
<!-- Generated by org.testng.reporters.JUnitXMLReporter -->
<testsuite ignored="0" hostname="Karthick" failures="0" tests="4" name="Test" time="93.803" errors="0" timestamp="2024-01-22T00:43:06 IST">
  <testcase classname="webTestCases.Module1_Registration" name="tc001_Valid_Data" time="18.883"/>
  <testcase classname="webTestCases.Module1_Registration" name="tc002_Invalid_Data" time="11.584"/>
  <testcase classname="webTestCases.Module2_Login" name="tc001_Valid_Data" time="12.189"/>
  <testcase classname="webTestCases.Module2_Login" name="tc002_Invalid_Data" time="51.081"/>
</testsuite> <!-- Test -->
