<?xml version="1.0" encoding="UTF-8"?>
<!-- Generated by org.testng.reporters.JUnitReportReporter -->
<testsuite hostname="Karthick" failures="0" tests="3" name="webTestCases.Module4_Cart" time="38.865" errors="0" timestamp="2024-01-26T23:22:24 IST" skipped="0">
  <testcase classname="webTestCases.Module4_Cart" name="tc001_Add_Product" time="17.493"/>
  <system-out>
    <![CDATA[Chrome browser is opened
Browser is maximized
Navigated to https://demowebshop.tricentis.com/
Implicit wait set to : 20 seconds
Log in is clicked
Entered mkar@gmail.com into 
Entered Ka@12345 into 
 is clicked
mkar@gmail.com is displayed
Mouse hovered on COMPUTERS
Desktops is clicked
Desktops is displayed
Scrolled till 
 is clicked
Simple Computer is displayed
Slow is clicked
 is clicked
The product has been added to your shopping cart is displayed
  is clicked
Browser is closed]]>
  </system-out>
  <testcase classname="webTestCases.Module4_Cart" name="tc002_Update_Product" time="12.102"/>
  <system-out>
    <![CDATA[Chrome browser is opened
Browser is maximized
Navigated to https://demowebshop.tricentis.com/
Implicit wait set to : 20 seconds
Log in is clicked
Entered mkar@gmail.com into 
Entered Ka@12345 into 
 is clicked
mkar@gmail.com is displayed
Shopping cart is clicked
Shopping cart is displayed
Simple Computer is displayed
Cleared and entered 5 into 
 is clicked
Value of value attribute is 5
5 is matchig
Browser is closed]]>
  </system-out>
  <testcase classname="webTestCases.Module4_Cart" name="tc003_Delete_Product" time="9.270"/>
  <system-out>
    <![CDATA[Chrome browser is opened
Browser is maximized
Navigated to https://demowebshop.tricentis.com/
Implicit wait set to : 20 seconds
Log in is clicked
Entered mkar@gmail.com into 
Entered Ka@12345 into 
 is clicked
mkar@gmail.com is displayed
Shopping cart is clicked
Shopping cart is displayed
Simple Computer is displayed
Cleared and entered 0 into 
 is clicked
Your Shopping Cart is empty! is displayed
Browser is closed]]>
  </system-out>
</testsuite> <!-- webTestCases.Module4_Cart -->
